<?xml version="1.0" encoding="UTF-8"?>
<!-- Generated by org.testng.reporters.JUnitReportReporter -->
<testsuite hostname="Karthinivashs-MacBook-Pro.local" failures="0" tests="2" name="skyfoxapp.testcases.loginpagetest.NegativeLoginTest" time="6.424" errors="0" timestamp="2022-08-12T17:08:09 IST" skipped="0">
  <testcase classname="skyfoxapp.testcases.loginpagetest.NegativeLoginTest" name="loginPageTest" time="3.192"/>
  <system-out/>
  <testcase classname="skyfoxapp.testcases.loginpagetest.NegativeLoginTest" name="loginPageTest" time="3.232"/>
  <system-out/>
</testsuite> <!-- skyfoxapp.testcases.loginpagetest.NegativeLoginTest -->
