<?xml version="1.0" encoding="UTF-8"?>
<!-- Generated by org.testng.reporters.JUnitReportReporter -->
<testsuite hostname="Karthinivashs-MacBook-Pro.local" failures="0" tests="6" name="skyfoxapp.testcases.customersignuptest.ValidatingPasswordTest" time="15.633" errors="0" timestamp="2022-08-12T17:08:09 IST" skipped="0">
  <testcase classname="skyfoxapp.testcases.customersignuptest.ValidatingPasswordTest" name="passwordValidityChecking" time="2.573"/>
  <system-out/>
  <testcase classname="skyfoxapp.testcases.customersignuptest.ValidatingPasswordTest" name="passwordValidityChecking" time="2.592"/>
  <system-out/>
  <testcase classname="skyfoxapp.testcases.customersignuptest.ValidatingPasswordTest" name="passwordValidityChecking" time="2.765"/>
  <system-out/>
  <testcase classname="skyfoxapp.testcases.customersignuptest.ValidatingPasswordTest" name="passwordValidityChecking" time="2.553"/>
  <system-out/>
  <testcase classname="skyfoxapp.testcases.customersignuptest.ValidatingPasswordTest" name="passwordValidityChecking" time="2.567"/>
  <system-out/>
  <testcase classname="skyfoxapp.testcases.customersignuptest.ValidatingPasswordTest" name="passwordValidityChecking" time="2.583"/>
  <system-out/>
</testsuite> <!-- skyfoxapp.testcases.customersignuptest.ValidatingPasswordTest -->
