<?xml version="1.0" encoding="UTF-8"?>
<!-- Generated by org.testng.reporters.JUnitReportReporter -->
<testsuite hostname="Karthinivashs-MacBook-Pro.local" failures="0" tests="1" name="skyfoxapp.testcases.changepasswordtest.ValidatePreviousPasswordTest" time="3.879" errors="0" timestamp="2022-08-12T17:08:09 IST" skipped="0">
  <testcase classname="skyfoxapp.testcases.changepasswordtest.ValidatePreviousPasswordTest" name="changePasswordTest" time="3.879"/>
  <system-out/>
</testsuite> <!-- skyfoxapp.testcases.changepasswordtest.ValidatePreviousPasswordTest -->
