<?xml version="1.0" encoding="UTF-8"?>
<!-- Generated by org.testng.reporters.JUnitReportReporter -->
<testsuite hostname="Karthinivashs-MacBook-Pro.local" failures="0" tests="2" name="skyfoxapp.testcases.customersignuptest.ValidatingEmailIdTest" time="7.249" errors="0" timestamp="2022-08-12T17:08:09 IST" skipped="0">
  <testcase classname="skyfoxapp.testcases.customersignuptest.ValidatingEmailIdTest" name="emailValidityChecking" time="3.623"/>
  <system-out/>
  <testcase classname="skyfoxapp.testcases.customersignuptest.ValidatingEmailIdTest" name="emailValidityChecking" time="3.626"/>
  <system-out/>
</testsuite> <!-- skyfoxapp.testcases.customersignuptest.ValidatingEmailIdTest -->
