<?xml version="1.0" encoding="UTF-8"?>
<!-- Generated by org.testng.reporters.JUnitReportReporter -->
<testsuite hostname="Krupasrees-MacBook-Pro.local" failures="0" tests="1" name="skyfoxapp.testcases.viewmovieposter.PositiveViewMoviePoster" time="12.324" errors="0" timestamp="2022-08-17T19:57:09 IST" skipped="0">
  <testcase classname="skyfoxapp.testcases.viewmovieposter.PositiveViewMoviePoster" name="viewMoviePoster" time="12.324"/>
  <system-out/>
</testsuite> <!-- skyfoxapp.testcases.viewmovieposter.PositiveViewMoviePoster -->
