<?xml version="1.0" encoding="UTF-8"?>
<!-- Generated by org.testng.reporters.JUnitReportReporter -->
<testsuite hostname="Krupasrees-MacBook-Pro.local" failures="0" tests="6" name="skyfoxapp.testcases.changepasswordtest.ValidateNewPasswordTest" time="15.834" errors="0" timestamp="2022-08-17T19:57:09 IST" skipped="0">
  <testcase classname="skyfoxapp.testcases.changepasswordtest.ValidateNewPasswordTest" name="changePasswordTest" time="2.683"/>
  <system-out/>
  <testcase classname="skyfoxapp.testcases.changepasswordtest.ValidateNewPasswordTest" name="changePasswordTest" time="2.606"/>
  <system-out/>
  <testcase classname="skyfoxapp.testcases.changepasswordtest.ValidateNewPasswordTest" name="changePasswordTest" time="2.611"/>
  <system-out/>
  <testcase classname="skyfoxapp.testcases.changepasswordtest.ValidateNewPasswordTest" name="changePasswordTest" time="2.594"/>
  <system-out/>
  <testcase classname="skyfoxapp.testcases.changepasswordtest.ValidateNewPasswordTest" name="changePasswordTest" time="2.628"/>
  <system-out/>
  <testcase classname="skyfoxapp.testcases.changepasswordtest.ValidateNewPasswordTest" name="changePasswordTest" time="2.712"/>
  <system-out/>
</testsuite> <!-- skyfoxapp.testcases.changepasswordtest.ValidateNewPasswordTest -->
