<?xml version="1.0" encoding="UTF-8"?>
<!-- Generated by org.testng.reporters.JUnitReportReporter -->
<testsuite hostname="Krupasrees-MacBook-Pro.local" failures="0" tests="6" name="skyfoxapp.testcases.customersignuptest.ValidatingPasswordTest" time="15.391" errors="0" timestamp="2022-08-17T19:57:09 IST" skipped="0">
  <testcase classname="skyfoxapp.testcases.customersignuptest.ValidatingPasswordTest" name="passwordValidityChecking" time="2.561"/>
  <system-out/>
  <testcase classname="skyfoxapp.testcases.customersignuptest.ValidatingPasswordTest" name="passwordValidityChecking" time="2.541"/>
  <system-out/>
  <testcase classname="skyfoxapp.testcases.customersignuptest.ValidatingPasswordTest" name="passwordValidityChecking" time="2.669"/>
  <system-out/>
  <testcase classname="skyfoxapp.testcases.customersignuptest.ValidatingPasswordTest" name="passwordValidityChecking" time="2.553"/>
  <system-out/>
  <testcase classname="skyfoxapp.testcases.customersignuptest.ValidatingPasswordTest" name="passwordValidityChecking" time="2.523"/>
  <system-out/>
  <testcase classname="skyfoxapp.testcases.customersignuptest.ValidatingPasswordTest" name="passwordValidityChecking" time="2.544"/>
  <system-out/>
</testsuite> <!-- skyfoxapp.testcases.customersignuptest.ValidatingPasswordTest -->
