<?xml version="1.0" encoding="UTF-8"?>
<!-- Generated by org.testng.reporters.JUnitReportReporter -->
<testsuite hostname="Krupasrees-MacBook-Pro.local" failures="0" tests="6" name="skyfoxapp.testcases.changepasswordtest.ValidateNewPasswordTest" time="15.985" errors="0" timestamp="2022-08-18T10:31:04 IST" skipped="0">
  <testcase classname="skyfoxapp.testcases.changepasswordtest.ValidateNewPasswordTest" name="changePasswordTest" time="2.588"/>
  <system-out/>
  <testcase classname="skyfoxapp.testcases.changepasswordtest.ValidateNewPasswordTest" name="changePasswordTest" time="2.981"/>
  <system-out/>
  <testcase classname="skyfoxapp.testcases.changepasswordtest.ValidateNewPasswordTest" name="changePasswordTest" time="2.584"/>
  <system-out/>
  <testcase classname="skyfoxapp.testcases.changepasswordtest.ValidateNewPasswordTest" name="changePasswordTest" time="2.587"/>
  <system-out/>
  <testcase classname="skyfoxapp.testcases.changepasswordtest.ValidateNewPasswordTest" name="changePasswordTest" time="2.655"/>
  <system-out/>
  <testcase classname="skyfoxapp.testcases.changepasswordtest.ValidateNewPasswordTest" name="changePasswordTest" time="2.590"/>
  <system-out/>
</testsuite> <!-- skyfoxapp.testcases.changepasswordtest.ValidateNewPasswordTest -->
