<?xml version="1.0" encoding="UTF-8"?>
<!-- Generated by org.testng.reporters.JUnitReportReporter -->
<testsuite hostname="Krupasrees-MacBook-Pro.local" failures="0" tests="1" name="skyfoxapp.testcases.preventunauthorizedactions.ActionsForCustomer" time="9.221" errors="0" timestamp="2022-08-18T10:31:04 IST" skipped="0">
  <testcase classname="skyfoxapp.testcases.preventunauthorizedactions.ActionsForCustomer" name="actionsForCustomer" time="9.221"/>
  <system-out/>
</testsuite> <!-- skyfoxapp.testcases.preventunauthorizedactions.ActionsForCustomer -->
