<?xml version="1.0" encoding="UTF-8"?>
<!-- Generated by org.testng.reporters.JUnitReportReporter -->
<testsuite hostname="Krupasrees-MacBook-Pro.local" failures="0" tests="1" name="skyfoxapp.testcases.changepasswordtest.ValidateConfirmPasswordTest" time="3.574" errors="0" timestamp="2022-08-18T10:31:04 IST" skipped="0">
  <testcase classname="skyfoxapp.testcases.changepasswordtest.ValidateConfirmPasswordTest" name="changePasswordTest" time="3.574"/>
  <system-out/>
</testsuite> <!-- skyfoxapp.testcases.changepasswordtest.ValidateConfirmPasswordTest -->
