<?xml version="1.0" encoding="UTF-8"?>
<!-- Generated by org.testng.reporters.JUnitReportReporter -->
<testsuite hostname="Krupasrees-MacBook-Pro.local" failures="0" tests="6" name="skyfoxapp.testcases.customersignuptest.ValidatingPasswordTest" time="15.215" errors="0" timestamp="2022-08-18T10:31:04 IST" skipped="0">
  <testcase classname="skyfoxapp.testcases.customersignuptest.ValidatingPasswordTest" name="passwordValidityChecking" time="2.514"/>
  <system-out/>
  <testcase classname="skyfoxapp.testcases.customersignuptest.ValidatingPasswordTest" name="passwordValidityChecking" time="2.522"/>
  <system-out/>
  <testcase classname="skyfoxapp.testcases.customersignuptest.ValidatingPasswordTest" name="passwordValidityChecking" time="2.511"/>
  <system-out/>
  <testcase classname="skyfoxapp.testcases.customersignuptest.ValidatingPasswordTest" name="passwordValidityChecking" time="2.659"/>
  <system-out/>
  <testcase classname="skyfoxapp.testcases.customersignuptest.ValidatingPasswordTest" name="passwordValidityChecking" time="2.515"/>
  <system-out/>
  <testcase classname="skyfoxapp.testcases.customersignuptest.ValidatingPasswordTest" name="passwordValidityChecking" time="2.494"/>
  <system-out/>
</testsuite> <!-- skyfoxapp.testcases.customersignuptest.ValidatingPasswordTest -->
