<?xml version="1.0" encoding="UTF-8"?>
<!-- Generated by org.testng.reporters.JUnitReportReporter -->
<testsuite hostname="Krupasrees-MacBook-Pro.local" failures="0" tests="2" name="skyfoxapp.testcases.customersignuptest.ValidatingMobileNumberTest" time="7.158" errors="0" timestamp="2022-08-17T19:57:09 IST" skipped="0">
  <testcase classname="skyfoxapp.testcases.customersignuptest.ValidatingMobileNumberTest" name="mobileNumberValidityChecking" time="3.579"/>
  <system-out/>
  <testcase classname="skyfoxapp.testcases.customersignuptest.ValidatingMobileNumberTest" name="mobileNumberValidityChecking" time="3.579"/>
  <system-out/>
</testsuite> <!-- skyfoxapp.testcases.customersignuptest.ValidatingMobileNumberTest -->
