<?xml version="1.0" encoding="UTF-8"?>
<!-- Generated by org.testng.reporters.JUnitReportReporter -->
<testsuite hostname="Krupasrees-MacBook-Pro.local" failures="0" tests="2" name="skyfoxapp.testcases.loginpagetest.NegativeLoginTest" time="6.455" errors="0" timestamp="2022-08-18T10:31:04 IST" skipped="0">
  <testcase classname="skyfoxapp.testcases.loginpagetest.NegativeLoginTest" name="loginPageTest" time="3.220"/>
  <system-out/>
  <testcase classname="skyfoxapp.testcases.loginpagetest.NegativeLoginTest" name="loginPageTest" time="3.235"/>
  <system-out/>
</testsuite> <!-- skyfoxapp.testcases.loginpagetest.NegativeLoginTest -->
